<?xml version="1.0" encoding="UTF-8"?>
<!-- Generated by org.testng.reporters.JUnitReportReporter -->
<testsuite skipped="0" hostname="INBLRWIT2971S" name="TestCases.validateCourses" tests="1" failures="0" timestamp="17 Apr 2020 10:30:30 GMT" time="28.268" errors="0">
  <testcase name="validatecourselinks" time="28.268" classname="TestCases.validateCourses"/>
</testsuite> <!-- TestCases.validateCourses -->
