<?xml version="1.0" encoding="UTF-8"?>
<!-- Generated by org.testng.reporters.JUnitReportReporter -->
<testsuite skipped="0" hostname="INBLRWIT2971S" name="TestCases.validatenavigationbar" tests="1" failures="0" timestamp="17 Apr 2020 10:33:19 GMT" time="0.344" errors="0">
  <testcase name="navbar" time="0.344" classname="TestCases.validatenavigationbar"/>
</testsuite> <!-- TestCases.validatenavigationbar -->
