<?xml version="1.0" encoding="UTF-8"?>
<!-- Generated by org.testng.reporters.JUnitReportReporter -->
<testsuite skipped="0" hostname="INBLRWIT2971S" name="TestCases.validateTitle" tests="1" failures="0" timestamp="17 Apr 2020 10:33:19 GMT" time="2.281" errors="0">
  <testcase name="featuretitle" time="2.281" classname="TestCases.validateTitle"/>
</testsuite> <!-- TestCases.validateTitle -->
