<?xml version="1.0" encoding="UTF-8"?>
<!-- Generated by org.testng.reporters.JUnitReportReporter -->
<testsuite skipped="0" hostname="INBLRWIT2971S" name="TestCases.HomePage" tests="1" failures="0" timestamp="17 Apr 2020 10:33:19 GMT" time="31.076" errors="0">
  <testcase name="basehomepagenavigationn" time="31.076" classname="TestCases.HomePage"/>
</testsuite> <!-- TestCases.HomePage -->
